<?xml version="1.0" encoding="UTF-8"?>
<!-- Generated by org.testng.reporters.JUnitXMLReporter -->
<testsuite hostname="ADMIN" ignored="0" name="Test" tests="1" failures="1" timestamp="20 Oct 2020 02:40:34 GMT" time="22.251" errors="0">
  <testcase name="validateLoginPOMTest" time="1.571" classname="testscripts.regression.ValidateLoginPOM">
    <failure type="java.lang.AssertionError" message="expected [Adactin.com - Search Hotel] but found [Adactin.com - Hotel Reservation System]">
      <![CDATA[java.lang.AssertionError: expected [Adactin.com - Search Hotel] but found [Adactin.com - Hotel Reservation System]
at pages.SearchHotelPage.verifyTitle(SearchHotelPage.java:29)
at testscripts.regression.ValidateLoginPOM.validateLoginPOMTest(ValidateLoginPOM.java:23)
... Removed 31 stack frames]]>
    </failure>
  </testcase> <!-- validateLoginPOMTest -->
</testsuite> <!-- Test -->
