<?xml version="1.0" encoding="UTF-8"?>
<testng-results skipped="0" failed="3" ignored="0" total="4" passed="1">
  <reporter-output>
  </reporter-output>
  <suite name="Default suite" duration-ms="54128" started-at="2020-10-02T08:31:06 IST" finished-at="2020-10-02T08:32:00 IST">
    <groups>
    </groups>
    <test name="Default test" duration-ms="54128" started-at="2020-10-02T08:31:06 IST" finished-at="2020-10-02T08:32:00 IST">
      <class name="testscripts.regression.DBTestingDataProvider">
        <test-method status="PASS" signature="setUp()[pri:0, instance:testscripts.regression.DBTestingDataProvider@1e965684]" name="setUp" is-config="true" duration-ms="11545" started-at="2020-10-02T08:31:07 IST" finished-at="2020-10-02T08:31:18 IST">
          <reporter-output>
          </reporter-output>
        </test-method> <!-- setUp -->
        <test-method status="PASS" signature="adactinLoginTest(java.lang.String, java.lang.String)[pri:0, instance:testscripts.regression.DBTestingDataProvider@1e965684]" name="adactinLoginTest" duration-ms="5667" started-at="2020-10-02T08:31:18 IST" data-provider="getData" finished-at="2020-10-02T08:31:24 IST">
          <params>
            <param index="0">
              <value>
                <![CDATA[reyaz009]]>
              </value>
            </param>
            <param index="1">
              <value>
                <![CDATA[reyaz123]]>
              </value>
            </param>
          </params>
          <reporter-output>
          </reporter-output>
        </test-method> <!-- adactinLoginTest -->
        <test-method status="PASS" signature="teardown()[pri:0, instance:testscripts.regression.DBTestingDataProvider@1e965684]" name="teardown" is-config="true" duration-ms="1331" started-at="2020-10-02T08:31:24 IST" finished-at="2020-10-02T08:31:25 IST">
          <reporter-output>
          </reporter-output>
        </test-method> <!-- teardown -->
        <test-method status="PASS" signature="setUp()[pri:0, instance:testscripts.regression.DBTestingDataProvider@1e965684]" name="setUp" is-config="true" duration-ms="8445" started-at="2020-10-02T08:31:25 IST" finished-at="2020-10-02T08:31:34 IST">
          <reporter-output>
          </reporter-output>
        </test-method> <!-- setUp -->
        <test-method status="FAIL" signature="adactinLoginTest(java.lang.String, java.lang.String)[pri:0, instance:testscripts.regression.DBTestingDataProvider@1e965684]" name="adactinLoginTest" duration-ms="1397" started-at="2020-10-02T08:31:34 IST" data-provider="getData" finished-at="2020-10-02T08:31:35 IST">
          <params>
            <param index="0">
              <value>
                <![CDATA[reyaz009]]>
              </value>
            </param>
            <param index="1">
              <value>
                <![CDATA[reyaz456]]>
              </value>
            </param>
          </params>
          <exception class="junit.framework.ComparisonFailure">
            <message>
              <![CDATA[expected:<Adactin.com - [Search Hotel]> but was:<Adactin.com - [Hotel Reservation System]>]]>
            </message>
            <full-stacktrace>
              <![CDATA[junit.framework.ComparisonFailure: expected:<Adactin.com - [Search Hotel]> but was:<Adactin.com - [Hotel Reservation System]>
at junit.framework.Assert.assertEquals(Assert.java:100)
at junit.framework.Assert.assertEquals(Assert.java:107)
at testscripts.regression.DBTestingDataProvider.adactinLoginTest(DBTestingDataProvider.java:62)
at sun.reflect.NativeMethodAccessorImpl.invoke0(Native Method)
at sun.reflect.NativeMethodAccessorImpl.invoke(NativeMethodAccessorImpl.java:62)
at sun.reflect.DelegatingMethodAccessorImpl.invoke(DelegatingMethodAccessorImpl.java:43)
at java.lang.reflect.Method.invoke(Method.java:498)
at org.testng.internal.MethodInvocationHelper.invokeMethod(MethodInvocationHelper.java:132)
at org.testng.internal.TestInvoker.invokeMethod(TestInvoker.java:599)
at org.testng.internal.TestInvoker.invokeTestMethod(TestInvoker.java:174)
at org.testng.internal.MethodRunner.runInSequence(MethodRunner.java:46)
at org.testng.internal.TestInvoker$MethodInvocationAgent.invoke(TestInvoker.java:822)
at org.testng.internal.TestInvoker.invokeTestMethods(TestInvoker.java:147)
at org.testng.internal.TestMethodWorker.invokeTestMethods(TestMethodWorker.java:146)
at org.testng.internal.TestMethodWorker.run(TestMethodWorker.java:128)
at java.util.ArrayList.forEach(ArrayList.java:1257)
at org.testng.TestRunner.privateRun(TestRunner.java:764)
at org.testng.TestRunner.run(TestRunner.java:585)
at org.testng.SuiteRunner.runTest(SuiteRunner.java:384)
at org.testng.SuiteRunner.runSequentially(SuiteRunner.java:378)
at org.testng.SuiteRunner.privateRun(SuiteRunner.java:337)
at org.testng.SuiteRunner.run(SuiteRunner.java:286)
at org.testng.SuiteRunnerWorker.runSuite(SuiteRunnerWorker.java:53)
at org.testng.SuiteRunnerWorker.run(SuiteRunnerWorker.java:96)
at org.testng.TestNG.runSuitesSequentially(TestNG.java:1218)
at org.testng.TestNG.runSuitesLocally(TestNG.java:1140)
at org.testng.TestNG.runSuites(TestNG.java:1069)
at org.testng.TestNG.run(TestNG.java:1037)
at org.testng.remote.AbstractRemoteTestNG.run(AbstractRemoteTestNG.java:115)
at org.testng.remote.RemoteTestNG.initAndRun(RemoteTestNG.java:251)
at org.testng.remote.RemoteTestNG.main(RemoteTestNG.java:77)
]]>
            </full-stacktrace>
          </exception> <!-- junit.framework.ComparisonFailure -->
          <reporter-output>
          </reporter-output>
        </test-method> <!-- adactinLoginTest -->
        <test-method status="PASS" signature="teardown()[pri:0, instance:testscripts.regression.DBTestingDataProvider@1e965684]" name="teardown" is-config="true" duration-ms="1099" started-at="2020-10-02T08:31:35 IST" finished-at="2020-10-02T08:31:36 IST">
          <reporter-output>
          </reporter-output>
        </test-method> <!-- teardown -->
        <test-method status="PASS" signature="setUp()[pri:0, instance:testscripts.regression.DBTestingDataProvider@1e965684]" name="setUp" is-config="true" duration-ms="8602" started-at="2020-10-02T08:31:36 IST" finished-at="2020-10-02T08:31:45 IST">
          <reporter-output>
          </reporter-output>
        </test-method> <!-- setUp -->
        <test-method status="FAIL" signature="adactinLoginTest(java.lang.String, java.lang.String)[pri:0, instance:testscripts.regression.DBTestingDataProvider@1e965684]" name="adactinLoginTest" duration-ms="1988" started-at="2020-10-02T08:31:45 IST" data-provider="getData" finished-at="2020-10-02T08:31:47 IST">
          <params>
            <param index="0">
              <value>
                <![CDATA[reyaz001]]>
              </value>
            </param>
            <param index="1">
              <value>
                <![CDATA[reyaz123]]>
              </value>
            </param>
          </params>
          <exception class="junit.framework.ComparisonFailure">
            <message>
              <![CDATA[expected:<Adactin.com - [Search Hotel]> but was:<Adactin.com - [Hotel Reservation System]>]]>
            </message>
            <full-stacktrace>
              <![CDATA[junit.framework.ComparisonFailure: expected:<Adactin.com - [Search Hotel]> but was:<Adactin.com - [Hotel Reservation System]>
at junit.framework.Assert.assertEquals(Assert.java:100)
at junit.framework.Assert.assertEquals(Assert.java:107)
at testscripts.regression.DBTestingDataProvider.adactinLoginTest(DBTestingDataProvider.java:62)
at sun.reflect.NativeMethodAccessorImpl.invoke0(Native Method)
at sun.reflect.NativeMethodAccessorImpl.invoke(NativeMethodAccessorImpl.java:62)
at sun.reflect.DelegatingMethodAccessorImpl.invoke(DelegatingMethodAccessorImpl.java:43)
at java.lang.reflect.Method.invoke(Method.java:498)
at org.testng.internal.MethodInvocationHelper.invokeMethod(MethodInvocationHelper.java:132)
at org.testng.internal.TestInvoker.invokeMethod(TestInvoker.java:599)
at org.testng.internal.TestInvoker.invokeTestMethod(TestInvoker.java:174)
at org.testng.internal.MethodRunner.runInSequence(MethodRunner.java:46)
at org.testng.internal.TestInvoker$MethodInvocationAgent.invoke(TestInvoker.java:822)
at org.testng.internal.TestInvoker.invokeTestMethods(TestInvoker.java:147)
at org.testng.internal.TestMethodWorker.invokeTestMethods(TestMethodWorker.java:146)
at org.testng.internal.TestMethodWorker.run(TestMethodWorker.java:128)
at java.util.ArrayList.forEach(ArrayList.java:1257)
at org.testng.TestRunner.privateRun(TestRunner.java:764)
at org.testng.TestRunner.run(TestRunner.java:585)
at org.testng.SuiteRunner.runTest(SuiteRunner.java:384)
at org.testng.SuiteRunner.runSequentially(SuiteRunner.java:378)
at org.testng.SuiteRunner.privateRun(SuiteRunner.java:337)
at org.testng.SuiteRunner.run(SuiteRunner.java:286)
at org.testng.SuiteRunnerWorker.runSuite(SuiteRunnerWorker.java:53)
at org.testng.SuiteRunnerWorker.run(SuiteRunnerWorker.java:96)
at org.testng.TestNG.runSuitesSequentially(TestNG.java:1218)
at org.testng.TestNG.runSuitesLocally(TestNG.java:1140)
at org.testng.TestNG.runSuites(TestNG.java:1069)
at org.testng.TestNG.run(TestNG.java:1037)
at org.testng.remote.AbstractRemoteTestNG.run(AbstractRemoteTestNG.java:115)
at org.testng.remote.RemoteTestNG.initAndRun(RemoteTestNG.java:251)
at org.testng.remote.RemoteTestNG.main(RemoteTestNG.java:77)
]]>
            </full-stacktrace>
          </exception> <!-- junit.framework.ComparisonFailure -->
          <reporter-output>
          </reporter-output>
        </test-method> <!-- adactinLoginTest -->
        <test-method status="PASS" signature="teardown()[pri:0, instance:testscripts.regression.DBTestingDataProvider@1e965684]" name="teardown" is-config="true" duration-ms="1206" started-at="2020-10-02T08:31:47 IST" finished-at="2020-10-02T08:31:48 IST">
          <reporter-output>
          </reporter-output>
        </test-method> <!-- teardown -->
        <test-method status="PASS" signature="setUp()[pri:0, instance:testscripts.regression.DBTestingDataProvider@1e965684]" name="setUp" is-config="true" duration-ms="9142" started-at="2020-10-02T08:31:48 IST" finished-at="2020-10-02T08:31:57 IST">
          <reporter-output>
          </reporter-output>
        </test-method> <!-- setUp -->
        <test-method status="FAIL" signature="adactinLoginTest(java.lang.String, java.lang.String)[pri:0, instance:testscripts.regression.DBTestingDataProvider@1e965684]" name="adactinLoginTest" duration-ms="1728" started-at="2020-10-02T08:31:57 IST" data-provider="getData" finished-at="2020-10-02T08:31:59 IST">
          <params>
            <param index="0">
              <value>
                <![CDATA[reyaz001]]>
              </value>
            </param>
            <param index="1">
              <value>
                <![CDATA[reyaz456]]>
              </value>
            </param>
          </params>
          <exception class="junit.framework.ComparisonFailure">
            <message>
              <![CDATA[expected:<Adactin.com - [Search Hotel]> but was:<Adactin.com - [Hotel Reservation System]>]]>
            </message>
            <full-stacktrace>
              <![CDATA[junit.framework.ComparisonFailure: expected:<Adactin.com - [Search Hotel]> but was:<Adactin.com - [Hotel Reservation System]>
at junit.framework.Assert.assertEquals(Assert.java:100)
at junit.framework.Assert.assertEquals(Assert.java:107)
at testscripts.regression.DBTestingDataProvider.adactinLoginTest(DBTestingDataProvider.java:62)
at sun.reflect.NativeMethodAccessorImpl.invoke0(Native Method)
at sun.reflect.NativeMethodAccessorImpl.invoke(NativeMethodAccessorImpl.java:62)
at sun.reflect.DelegatingMethodAccessorImpl.invoke(DelegatingMethodAccessorImpl.java:43)
at java.lang.reflect.Method.invoke(Method.java:498)
at org.testng.internal.MethodInvocationHelper.invokeMethod(MethodInvocationHelper.java:132)
at org.testng.internal.TestInvoker.invokeMethod(TestInvoker.java:599)
at org.testng.internal.TestInvoker.invokeTestMethod(TestInvoker.java:174)
at org.testng.internal.MethodRunner.runInSequence(MethodRunner.java:46)
at org.testng.internal.TestInvoker$MethodInvocationAgent.invoke(TestInvoker.java:822)
at org.testng.internal.TestInvoker.invokeTestMethods(TestInvoker.java:147)
at org.testng.internal.TestMethodWorker.invokeTestMethods(TestMethodWorker.java:146)
at org.testng.internal.TestMethodWorker.run(TestMethodWorker.java:128)
at java.util.ArrayList.forEach(ArrayList.java:1257)
at org.testng.TestRunner.privateRun(TestRunner.java:764)
at org.testng.TestRunner.run(TestRunner.java:585)
at org.testng.SuiteRunner.runTest(SuiteRunner.java:384)
at org.testng.SuiteRunner.runSequentially(SuiteRunner.java:378)
at org.testng.SuiteRunner.privateRun(SuiteRunner.java:337)
at org.testng.SuiteRunner.run(SuiteRunner.java:286)
at org.testng.SuiteRunnerWorker.runSuite(SuiteRunnerWorker.java:53)
at org.testng.SuiteRunnerWorker.run(SuiteRunnerWorker.java:96)
at org.testng.TestNG.runSuitesSequentially(TestNG.java:1218)
at org.testng.TestNG.runSuitesLocally(TestNG.java:1140)
at org.testng.TestNG.runSuites(TestNG.java:1069)
at org.testng.TestNG.run(TestNG.java:1037)
at org.testng.remote.AbstractRemoteTestNG.run(AbstractRemoteTestNG.java:115)
at org.testng.remote.RemoteTestNG.initAndRun(RemoteTestNG.java:251)
at org.testng.remote.RemoteTestNG.main(RemoteTestNG.java:77)
]]>
            </full-stacktrace>
          </exception> <!-- junit.framework.ComparisonFailure -->
          <reporter-output>
          </reporter-output>
        </test-method> <!-- adactinLoginTest -->
        <test-method status="PASS" signature="teardown()[pri:0, instance:testscripts.regression.DBTestingDataProvider@1e965684]" name="teardown" is-config="true" duration-ms="1177" started-at="2020-10-02T08:31:59 IST" finished-at="2020-10-02T08:32:00 IST">
          <reporter-output>
          </reporter-output>
        </test-method> <!-- teardown -->
      </class> <!-- testscripts.regression.DBTestingDataProvider -->
    </test> <!-- Default test -->
  </suite> <!-- Default suite -->
</testng-results>
